The system is: Linux - 5.10.16.3-microsoft-standard-WSL2 - x86_64
Compiling the C compiler identification source file "CMakeCCompilerId.c" succeeded.
Compiler: /usr/bin/cc 
Build flags: 
Id flags:  

The output was:
0


Compilation of the C compiler identification source "CMakeCCompilerId.c" produced "a.out"

The C compiler identification is GNU, found in "/mnt/c/Users/manu_/OneDrive/Escritorio/Facultad/Algo_II/Labos/AyED2-Labo05-Listas_enlazadas/cmake-build-debug/CMakeFiles/3.18.4/CompilerIdC/a.out"

Compiling the CXX compiler identification source file "CMakeCXXCompilerId.cpp" succeeded.
Compiler: /usr/bin/c++ 
Build flags: 
Id flags:  

The output was:
0


Compilation of the CXX compiler identification source "CMakeCXXCompilerId.cpp" produced "a.out"

The CXX compiler identification is GNU, found in "/mnt/c/Users/manu_/OneDrive/Escritorio/Facultad/Algo_II/Labos/AyED2-Labo05-Listas_enlazadas/cmake-build-debug/CMakeFiles/3.18.4/CompilerIdCXX/a.out"

Determining if the C compiler works passed with the following output:
Change Dir: /mnt/c/Users/manu_/OneDrive/Escritorio/Facultad/Algo_II/Labos/AyED2-Labo05-Listas_enlazadas/cmake-build-debug/CMakeFiles/CMakeTmp

Run Build Command(s):/usr/bin/gmake cmTC_8d3d6/fast && /usr/bin/gmake  -f CMakeFiles/cmTC_8d3d6.dir/build.make CMakeFiles/cmTC_8d3d6.dir/build
gmake[1]: Entering directory '/mnt/c/Users/manu_/OneDrive/Escritorio/Facultad/Algo_II/Labos/AyED2-Labo05-Listas_enlazadas/cmake-build-debug/CMakeFiles/CMakeTmp'
Building C object CMakeFiles/cmTC_8d3d6.dir/testCCompiler.c.o
/usr/bin/cc    -o CMakeFiles/cmTC_8d3d6.dir/testCCompiler.c.o -c /mnt/c/Users/manu_/OneDrive/Escritorio/Facultad/Algo_II/Labos/AyED2-Labo05-Listas_enlazadas/cmake-build-debug/CMakeFiles/CMakeTmp/testCCompiler.c
Linking C executable cmTC_8d3d6
/usr/bin/cmake -E cmake_link_script CMakeFiles/cmTC_8d3d6.dir/link.txt --verbose=1
/usr/bin/cc -rdynamic CMakeFiles/cmTC_8d3d6.dir/testCCompiler.c.o -o cmTC_8d3d6 
gmake[1]: Leaving directory '/mnt/c/Users/manu_/OneDrive/Escritorio/Facultad/Algo_II/Labos/AyED2-Labo05-Listas_enlazadas/cmake-build-debug/CMakeFiles/CMakeTmp'



Determining if the CXX compiler works passed with the following output:
Change Dir: /mnt/c/Users/manu_/OneDrive/Escritorio/Facultad/Algo_II/Labos/AyED2-Labo05-Listas_enlazadas/cmake-build-debug/CMakeFiles/CMakeTmp

Run Build Command(s):/usr/bin/gmake cmTC_c9087/fast && /usr/bin/gmake  -f CMakeFiles/cmTC_c9087.dir/build.make CMakeFiles/cmTC_c9087.dir/build
gmake[1]: Entering directory '/mnt/c/Users/manu_/OneDrive/Escritorio/Facultad/Algo_II/Labos/AyED2-Labo05-Listas_enlazadas/cmake-build-debug/CMakeFiles/CMakeTmp'
Building CXX object CMakeFiles/cmTC_c9087.dir/testCXXCompiler.cxx.o
/usr/bin/c++    -o CMakeFiles/cmTC_c9087.dir/testCXXCompiler.cxx.o -c /mnt/c/Users/manu_/OneDrive/Escritorio/Facultad/Algo_II/Labos/AyED2-Labo05-Listas_enlazadas/cmake-build-debug/CMakeFiles/CMakeTmp/testCXXCompiler.cxx
Linking CXX executable cmTC_c9087
/usr/bin/cmake -E cmake_link_script CMakeFiles/cmTC_c9087.dir/link.txt --verbose=1
/usr/bin/c++ -rdynamic CMakeFiles/cmTC_c9087.dir/testCXXCompiler.cxx.o -o cmTC_c9087 
gmake[1]: Leaving directory '/mnt/c/Users/manu_/OneDrive/Escritorio/Facultad/Algo_II/Labos/AyED2-Labo05-Listas_enlazadas/cmake-build-debug/CMakeFiles/CMakeTmp'



